{"meta": {"format": 3, "version": "7.10.7", "timestamp": "2025-09-24T16:36:20.159089", "branch_coverage": false, "show_contexts": false}, "files": {"app/__init__.py": {"executed_lines": [3, 5, 6, 8, 11, 13, 16, 19, 22, 25, 28, 30], "summary": {"covered_lines": 11, "num_statements": 12, "percent_covered": 91.66666666666667, "percent_covered_display": "92", "missing_lines": 1, "excluded_lines": 0}, "missing_lines": [23], "excluded_lines": [], "functions": {"create_app": {"executed_lines": [13, 16, 19, 22, 25, 28, 30], "summary": {"covered_lines": 7, "num_statements": 8, "percent_covered": 87.5, "percent_covered_display": "88", "missing_lines": 1, "excluded_lines": 0}, "missing_lines": [23], "excluded_lines": []}, "": {"executed_lines": [3, 5, 6, 8, 11], "summary": {"covered_lines": 4, "num_statements": 4, "percent_covered": 100.0, "percent_covered_display": "100", "missing_lines": 0, "excluded_lines": 0}, "missing_lines": [], "excluded_lines": []}}, "classes": {"": {"executed_lines": [3, 5, 6, 8, 11, 13, 16, 19, 22, 25, 28, 30], "summary": {"covered_lines": 11, "num_statements": 12, "percent_covered": 91.66666666666667, "percent_covered_display": "92", "missing_lines": 1, "excluded_lines": 0}, "missing_lines": [23], "excluded_lines": []}}}, "app/data_utils.py": {"executed_lines": [3, 5, 6, 8, 11, 12, 14, 16, 18, 19, 21, 22, 24, 26, 27, 28, 29, 30, 31, 34, 35, 37, 39, 41, 42, 43, 44, 45, 46, 48, 50, 51, 53, 55, 56, 59, 61, 63, 64, 67, 71, 74, 75, 76, 77, 78, 83, 85, 87, 88, 90, 92, 93, 95, 97, 98, 100, 102, 103, 105, 107, 110, 111, 112, 114, 115, 122, 123, 124, 126, 127, 134, 135, 137, 139, 140, 141, 144, 145, 148, 149, 150, 151, 154, 155, 156, 157, 159, 161, 163, 166, 167, 168, 170, 171, 172, 173, 182, 183, 184, 186, 187, 188, 189, 198, 199, 201, 203, 204, 205, 208, 209, 212, 213, 216, 217, 220, 221, 229, 230, 237, 239, 241, 242, 245, 246, 247, 249, 250, 260, 261, 266, 267, 269, 271, 272, 273, 274, 284, 286, 290, 293, 294, 295, 296, 297, 299, 301, 303, 306, 307, 308, 309, 312, 315, 316, 331, 332, 347, 348, 363, 364, 377, 378, 379, 380, 382, 383, 385, 387, 389, 392, 405, 409, 412, 415, 416, 417, 420, 421, 426, 427, 428, 429, 433, 434, 437, 442, 443, 445, 447, 450, 451, 453, 457, 458, 463, 464, 465, 467, 469, 473, 475, 476, 481, 482, 483, 487, 488, 490, 492, 494, 495, 497, 506, 508, 509, 515, 517, 518, 524, 529, 534, 539, 543], "summary": {"covered_lines": 223, "num_statements": 256, "percent_covered": 87.109375, "percent_covered_display": "87", "missing_lines": 33, "excluded_lines": 0}, "missing_lines": [81, 118, 119, 130, 131, 176, 177, 178, 179, 192, 193, 194, 195, 222, 225, 226, 231, 234, 235, 255, 279, 280, 384, 386, 388, 390, 413, 430, 431, 452, 454, 499, 500], "excluded_lines": [], "functions": {"DHFDataManager.__init__": {"executed_lines": [16, 18, 19, 21, 22], "summary": {"covered_lines": 5, "num_statements": 5, "percent_covered": 100.0, "percent_covered_display": "100", "missing_lines": 0, "excluded_lines": 0}, "missing_lines": [], "excluded_lines": []}, "DHFDataManager.load_data": {"executed_lines": [26, 27, 28, 29, 30, 31, 34, 35, 37], "summary": {"covered_lines": 9, "num_statements": 9, "percent_covered": 100.0, "percent_covered_display": "100", "missing_lines": 0, "excluded_lines": 0}, "missing_lines": [], "excluded_lines": []}, "DHFDataManager.save_data": {"executed_lines": [41, 42, 43, 44, 45, 46], "summary": {"covered_lines": 6, "num_statements": 6, "percent_covered": 100.0, "percent_covered_display": "100", "missing_lines": 0, "excluded_lines": 0}, "missing_lines": [], "excluded_lines": []}, "DHFDataManager.get_user_needs": {"executed_lines": [50, 51], "summary": {"covered_lines": 2, "num_statements": 2, "percent_covered": 100.0, "percent_covered_display": "100", "missing_lines": 0, "excluded_lines": 0}, "missing_lines": [], "excluded_lines": []}, "DHFDataManager.get_risks": {"executed_lines": [55, 56, 59], "summary": {"covered_lines": 3, "num_statements": 3, "percent_covered": 100.0, "percent_covered_display": "100", "missing_lines": 0, "excluded_lines": 0}, "missing_lines": [], "excluded_lines": []}, "DHFDataManager.get_risks_flat": {"executed_lines": [63, 64, 67, 71, 74, 75, 76, 77, 78, 83], "summary": {"covered_lines": 10, "num_statements": 11, "percent_covered": 90.9090909090909, "percent_covered_display": "91", "missing_lines": 1, "excluded_lines": 0}, "missing_lines": [81], "excluded_lines": []}, "DHFDataManager.get_product_requirements": {"executed_lines": [87, 88], "summary": {"covered_lines": 2, "num_statements": 2, "percent_covered": 100.0, "percent_covered_display": "100", "missing_lines": 0, "excluded_lines": 0}, "missing_lines": [], "excluded_lines": []}, "DHFDataManager.get_software_specifications": {"executed_lines": [92, 93], "summary": {"covered_lines": 2, "num_statements": 2, "percent_covered": 100.0, "percent_covered_display": "100", "missing_lines": 0, "excluded_lines": 0}, "missing_lines": [], "excluded_lines": []}, "DHFDataManager.get_hardware_specifications": {"executed_lines": [97, 98], "summary": {"covered_lines": 2, "num_statements": 2, "percent_covered": 100.0, "percent_covered_display": "100", "missing_lines": 0, "excluded_lines": 0}, "missing_lines": [], "excluded_lines": []}, "DHFDataManager.get_mitigation_links": {"executed_lines": [102, 103], "summary": {"covered_lines": 2, "num_statements": 2, "percent_covered": 100.0, "percent_covered_display": "100", "missing_lines": 0, "excluded_lines": 0}, "missing_lines": [], "excluded_lines": []}, "DHFDataManager.get_item_by_id": {"executed_lines": [107, 110, 111, 112, 114, 115, 122, 123, 124, 126, 127, 134, 135, 137, 139, 140, 141, 144, 145, 148, 149, 150, 151, 154, 155, 156, 157, 159], "summary": {"covered_lines": 28, "num_statements": 32, "percent_covered": 87.5, "percent_covered_display": "88", "missing_lines": 4, "excluded_lines": 0}, "missing_lines": [118, 119, 130, 131], "excluded_lines": []}, "DHFDataManager.update_item": {"executed_lines": [163, 166, 167, 168, 170, 171, 172, 173, 182, 183, 184, 186, 187, 188, 189, 198, 199, 201, 203, 204, 205, 208, 209, 212, 213, 216, 217, 220, 221, 229, 230, 237], "summary": {"covered_lines": 32, "num_statements": 46, "percent_covered": 69.56521739130434, "percent_covered_display": "70", "missing_lines": 14, "excluded_lines": 0}, "missing_lines": [176, 177, 178, 179, 192, 193, 194, 195, 222, 225, 226, 231, 234, 235], "excluded_lines": []}, "DHFDataManager.get_linkable_items": {"executed_lines": [241, 242, 245, 246, 247, 249, 250, 260, 261, 266, 267, 269, 271, 272, 273, 274, 284], "summary": {"covered_lines": 17, "num_statements": 20, "percent_covered": 85.0, "percent_covered_display": "85", "missing_lines": 3, "excluded_lines": 0}, "missing_lines": [255, 279, 280], "excluded_lines": []}, "DHFDataManager.update_folder_name": {"executed_lines": [290, 293, 294, 295, 296, 297, 299], "summary": {"covered_lines": 7, "num_statements": 7, "percent_covered": 100.0, "percent_covered_display": "100", "missing_lines": 0, "excluded_lines": 0}, "missing_lines": [], "excluded_lines": []}, "DHFDataManager.get_configuration": {"executed_lines": [303, 306, 307, 308, 309, 312, 315, 316, 331, 332, 347, 348, 363, 364, 377, 378, 379, 380, 382, 383, 385, 387, 389, 392], "summary": {"covered_lines": 24, "num_statements": 28, "percent_covered": 85.71428571428571, "percent_covered_display": "86", "missing_lines": 4, "excluded_lines": 0}, "missing_lines": [384, 386, 388, 390], "excluded_lines": []}, "DHFDataManager.add_config_option": {"executed_lines": [409, 412, 415, 416, 417, 420, 421, 426, 427, 428, 429, 433, 434, 437, 442, 443], "summary": {"covered_lines": 16, "num_statements": 19, "percent_covered": 84.21052631578948, "percent_covered_display": "84", "missing_lines": 3, "excluded_lines": 0}, "missing_lines": [413, 430, 431], "excluded_lines": []}, "DHFDataManager.remove_config_option": {"executed_lines": [447, 450, 451, 453, 457, 458, 463, 464, 465, 467], "summary": {"covered_lines": 10, "num_statements": 12, "percent_covered": 83.33333333333333, "percent_covered_display": "83", "missing_lines": 2, "excluded_lines": 0}, "missing_lines": [452, 454], "excluded_lines": []}, "DHFDataManager.update_config_option": {"executed_lines": [473, 475, 476, 481, 482, 483, 487, 488, 490], "summary": {"covered_lines": 9, "num_statements": 9, "percent_covered": 100.0, "percent_covered_display": "100", "missing_lines": 0, "excluded_lines": 0}, "missing_lines": [], "excluded_lines": []}, "DHFDataManager.get_severity_name": {"executed_lines": [494, 495], "summary": {"covered_lines": 2, "num_statements": 2, "percent_covered": 100.0, "percent_covered_display": "100", "missing_lines": 0, "excluded_lines": 0}, "missing_lines": [], "excluded_lines": []}, "DHFDataManager.get_probability_name": {"executed_lines": [], "summary": {"covered_lines": 0, "num_statements": 2, "percent_covered": 0.0, "percent_covered_display": "0", "missing_lines": 2, "excluded_lines": 0}, "missing_lines": [499, 500], "excluded_lines": []}, "DHFDataManager.get_probability_occurrence_name": {"executed_lines": [508, 509], "summary": {"covered_lines": 2, "num_statements": 2, "percent_covered": 100.0, "percent_covered_display": "100", "missing_lines": 0, "excluded_lines": 0}, "missing_lines": [], "excluded_lines": []}, "DHFDataManager.get_probability_harm_name": {"executed_lines": [517, 518], "summary": {"covered_lines": 2, "num_statements": 2, "percent_covered": 100.0, "percent_covered_display": "100", "missing_lines": 0, "excluded_lines": 0}, "missing_lines": [], "excluded_lines": []}, "DHFDataManager.calculate_rbm_score": {"executed_lines": [529, 534, 539, 543], "summary": {"covered_lines": 4, "num_statements": 4, "percent_covered": 100.0, "percent_covered_display": "100", "missing_lines": 0, "excluded_lines": 0}, "missing_lines": [], "excluded_lines": []}, "": {"executed_lines": [3, 5, 6, 8, 11, 12, 14, 24, 39, 48, 53, 61, 85, 90, 95, 100, 105, 161, 239, 286, 301, 405, 445, 469, 492, 497, 506, 515, 524], "summary": {"covered_lines": 27, "num_statements": 27, "percent_covered": 100.0, "percent_covered_display": "100", "missing_lines": 0, "excluded_lines": 0}, "missing_lines": [], "excluded_lines": []}}, "classes": {"DHFDataManager": {"executed_lines": [16, 18, 19, 21, 22, 26, 27, 28, 29, 30, 31, 34, 35, 37, 41, 42, 43, 44, 45, 46, 50, 51, 55, 56, 59, 63, 64, 67, 71, 74, 75, 76, 77, 78, 83, 87, 88, 92, 93, 97, 98, 102, 103, 107, 110, 111, 112, 114, 115, 122, 123, 124, 126, 127, 134, 135, 137, 139, 140, 141, 144, 145, 148, 149, 150, 151, 154, 155, 156, 157, 159, 163, 166, 167, 168, 170, 171, 172, 173, 182, 183, 184, 186, 187, 188, 189, 198, 199, 201, 203, 204, 205, 208, 209, 212, 213, 216, 217, 220, 221, 229, 230, 237, 241, 242, 245, 246, 247, 249, 250, 260, 261, 266, 267, 269, 271, 272, 273, 274, 284, 290, 293, 294, 295, 296, 297, 299, 303, 306, 307, 308, 309, 312, 315, 316, 331, 332, 347, 348, 363, 364, 377, 378, 379, 380, 382, 383, 385, 387, 389, 392, 409, 412, 415, 416, 417, 420, 421, 426, 427, 428, 429, 433, 434, 437, 442, 443, 447, 450, 451, 453, 457, 458, 463, 464, 465, 467, 473, 475, 476, 481, 482, 483, 487, 488, 490, 494, 495, 508, 509, 517, 518, 529, 534, 539, 543], "summary": {"covered_lines": 196, "num_statements": 229, "percent_covered": 85.58951965065502, "percent_covered_display": "86", "missing_lines": 33, "excluded_lines": 0}, "missing_lines": [81, 118, 119, 130, 131, 176, 177, 178, 179, 192, 193, 194, 195, 222, 225, 226, 231, 234, 235, 255, 279, 280, 384, 386, 388, 390, 413, 430, 431, 452, 454, 499, 500], "excluded_lines": []}, "": {"executed_lines": [3, 5, 6, 8, 11, 12, 14, 24, 39, 48, 53, 61, 85, 90, 95, 100, 105, 161, 239, 286, 301, 405, 445, 469, 492, 497, 506, 515, 524], "summary": {"covered_lines": 27, "num_statements": 27, "percent_covered": 100.0, "percent_covered_display": "100", "missing_lines": 0, "excluded_lines": 0}, "missing_lines": [], "excluded_lines": []}}}, "app/routes.py": {"executed_lines": [3, 5, 6, 7, 8, 10, 12, 14, 15, 18, 21, 22, 23, 24, 25, 28, 29, 31, 33, 34, 35, 38, 40, 46, 47, 48, 56, 58, 59, 62, 66, 71, 73, 74, 75, 78, 79, 81, 83, 84, 85, 86, 87, 88, 89, 90, 91, 92, 95, 98, 99, 100, 101, 106, 107, 108, 110, 112, 113, 114, 120, 121, 122, 123, 126, 127, 128, 129, 131, 149, 150, 151, 154, 155, 157, 159, 160, 161, 163, 169, 170, 171, 174, 175, 177, 179, 180, 182, 188, 189, 190, 193, 194, 312, 313, 315, 316, 317, 318, 320, 325, 326, 328, 329, 330, 331, 332, 334, 335, 336, 339, 340, 342, 343, 344, 345, 346, 348, 349, 350, 353, 354, 356, 357, 358, 359, 360, 361, 363, 364, 366, 367, 371, 376, 377, 379, 380, 381, 382, 383, 385, 386, 389, 390, 391, 392, 393, 397, 403, 404, 406, 407, 408, 409, 410, 412, 415, 416, 417, 418, 420, 421, 429, 430, 431, 436, 438, 439, 440, 441, 442, 449, 454, 456, 457, 461, 467, 468, 470, 471, 472, 473, 474, 476, 479, 494, 495, 498, 499, 500, 503, 504, 505, 507, 508, 537, 538, 539, 540, 541, 542, 549, 556, 575, 576, 751, 752, 754, 757, 759, 760, 762, 763, 764, 765, 766, 769, 770, 771, 772, 773, 776, 777, 778, 779, 780, 781, 783, 794, 797, 799, 800, 802, 803, 805, 807, 808, 811, 812, 813, 816, 827, 828, 831, 833, 839, 840, 841, 844, 848, 850, 851, 853, 854, 855, 856, 857, 858, 859, 860, 861, 862, 863, 864, 866, 868, 871, 873, 875, 876, 878, 879, 882, 883, 885, 886, 887, 889, 891, 901, 904, 906, 908, 909, 911, 913, 914, 915, 917, 918, 921, 923, 924, 925, 926, 928, 929, 930, 931, 933, 934, 935, 936, 939, 940, 942, 944, 963, 966, 968, 970, 971, 973, 975, 976, 977, 979, 980, 981, 982, 984, 985, 986, 989, 992, 993, 995, 997, 999, 1002, 1004, 1006, 1007, 1009, 1011, 1012, 1013, 1015, 1016, 1017, 1018, 1020, 1021, 1022, 1025, 1028, 1029, 1031, 1033, 1035, 1038, 1040, 1041, 1043, 1044, 1047, 1048, 1050, 1051, 1054, 1055, 1056, 1058, 1059, 1061, 1063, 1064, 1065, 1066, 1067, 1074, 1075, 1076, 1078, 1110, 1113, 1115, 1118, 1119, 1121, 1122, 1124, 1127, 1128, 1129, 1131, 1134, 1135, 1137, 1139, 1140, 1141, 1142, 1143, 1156, 1164, 1167, 1168, 1170, 1171, 1173, 1176, 1177, 1179, 1181, 1182, 1183, 1185, 1186, 1189, 1190, 1191, 1192, 1193, 1199, 1200, 1201, 1202, 1203, 1208, 1252, 1255, 1256, 1258, 1259, 1261, 1264, 1265, 1266, 1268, 1271, 1272, 1273, 1278, 1286], "summary": {"covered_lines": 434, "num_statements": 625, "percent_covered": 69.44, "percent_covered_display": "69", "missing_lines": 191, "excluded_lines": 0}, "missing_lines": [103, 117, 196, 198, 199, 201, 202, 203, 206, 208, 211, 216, 219, 222, 225, 230, 233, 238, 239, 240, 241, 244, 249, 250, 251, 252, 253, 254, 257, 258, 259, 260, 261, 263, 264, 265, 266, 267, 269, 270, 273, 281, 284, 289, 297, 299, 301, 307, 308, 309, 321, 322, 372, 373, 399, 400, 413, 419, 432, 443, 463, 464, 509, 510, 511, 513, 516, 517, 518, 519, 520, 522, 528, 530, 531, 532, 533, 534, 545, 546, 571, 572, 578, 579, 581, 582, 583, 584, 585, 594, 595, 596, 599, 607, 616, 619, 620, 623, 624, 625, 627, 634, 635, 649, 650, 651, 654, 655, 661, 664, 673, 676, 691, 692, 695, 696, 703, 714, 715, 717, 720, 721, 729, 732, 733, 734, 737, 739, 747, 748, 791, 792, 890, 894, 895, 897, 898, 899, 937, 947, 948, 950, 951, 952, 953, 954, 956, 957, 959, 961, 990, 1026, 1070, 1071, 1072, 1081, 1084, 1085, 1086, 1088, 1089, 1091, 1093, 1094, 1095, 1096, 1097, 1100, 1101, 1102, 1104, 1105, 1106, 1108, 1149, 1150, 1151, 1218, 1220, 1221, 1224, 1225, 1226, 1227, 1228, 1234, 1235, 1236, 1237, 1238, 1243], "excluded_lines": [], "functions": {"get_data_manager": {"executed_lines": [21, 22, 23, 24, 25], "summary": {"covered_lines": 5, "num_statements": 5, "percent_covered": 100.0, "percent_covered_display": "100", "missing_lines": 0, "excluded_lines": 0}, "missing_lines": [], "excluded_lines": []}, "index": {"executed_lines": [31, 33, 34, 35, 38, 40, 46, 47, 48], "summary": {"covered_lines": 9, "num_statements": 9, "percent_covered": 100.0, "percent_covered_display": "100", "missing_lines": 0, "excluded_lines": 0}, "missing_lines": [], "excluded_lines": []}, "get_git_user_info": {"executed_lines": [58, 59, 62, 66, 71, 73, 74, 75], "summary": {"covered_lines": 8, "num_statements": 8, "percent_covered": 100.0, "percent_covered_display": "100", "missing_lines": 0, "excluded_lines": 0}, "missing_lines": [], "excluded_lines": []}, "browse": {"executed_lines": [81, 83, 84, 85, 86, 87, 88, 89, 90, 91, 92, 95, 98, 99, 100, 101, 106, 107, 108, 110, 112, 113, 114, 120, 121, 122, 123, 126, 127, 128, 129, 131, 149, 150, 151], "summary": {"covered_lines": 35, "num_statements": 37, "percent_covered": 94.5945945945946, "percent_covered_display": "95", "missing_lines": 2, "excluded_lines": 0}, "missing_lines": [103, 117], "excluded_lines": []}, "configuration": {"executed_lines": [157, 159, 160, 161, 163, 169, 170, 171], "summary": {"covered_lines": 8, "num_statements": 8, "percent_covered": 100.0, "percent_covered_display": "100", "missing_lines": 0, "excluded_lines": 0}, "missing_lines": [], "excluded_lines": []}, "reports": {"executed_lines": [177, 179, 180, 182, 188, 189, 190], "summary": {"covered_lines": 7, "num_statements": 7, "percent_covered": 100.0, "percent_covered_display": "100", "missing_lines": 0, "excluded_lines": 0}, "missing_lines": [], "excluded_lines": []}, "validation": {"executed_lines": [], "summary": {"covered_lines": 0, "num_statements": 26, "percent_covered": 0.0, "percent_covered_display": "0", "missing_lines": 26, "excluded_lines": 0}, "missing_lines": [196, 198, 199, 201, 202, 203, 206, 208, 211, 216, 219, 222, 225, 230, 233, 238, 273, 281, 284, 289, 297, 299, 301, 307, 308, 309], "excluded_lines": []}, "validation.convert_table": {"executed_lines": [], "summary": {"covered_lines": 0, "num_statements": 22, "percent_covered": 0.0, "percent_covered_display": "0", "missing_lines": 22, "excluded_lines": 0}, "missing_lines": [239, 240, 241, 244, 249, 250, 251, 252, 253, 254, 257, 258, 259, 260, 261, 263, 264, 265, 266, 267, 269, 270], "excluded_lines": []}, "generate_report": {"executed_lines": [315, 316, 317, 318, 320], "summary": {"covered_lines": 5, "num_statements": 7, "percent_covered": 71.42857142857143, "percent_covered_display": "71", "missing_lines": 2, "excluded_lines": 0}, "missing_lines": [321, 322], "excluded_lines": []}, "get_item": {"executed_lines": [328, 329, 330, 331, 332, 334, 335, 336], "summary": {"covered_lines": 8, "num_statements": 8, "percent_covered": 100.0, "percent_covered_display": "100", "missing_lines": 0, "excluded_lines": 0}, "missing_lines": [], "excluded_lines": []}, "update_item": {"executed_lines": [342, 343, 344, 345, 346, 348, 349, 350], "summary": {"covered_lines": 8, "num_statements": 8, "percent_covered": 100.0, "percent_covered_display": "100", "missing_lines": 0, "excluded_lines": 0}, "missing_lines": [], "excluded_lines": []}, "update_folder_name": {"executed_lines": [356, 357, 358, 359, 360, 361, 363, 364, 366, 367, 371], "summary": {"covered_lines": 11, "num_statements": 13, "percent_covered": 84.61538461538461, "percent_covered_display": "85", "missing_lines": 2, "excluded_lines": 0}, "missing_lines": [372, 373], "excluded_lines": []}, "update_mitigation_link": {"executed_lines": [379, 380, 381, 382, 383, 385, 386, 389, 390, 391, 392, 393, 397], "summary": {"covered_lines": 13, "num_statements": 15, "percent_covered": 86.66666666666667, "percent_covered_display": "87", "missing_lines": 2, "excluded_lines": 0}, "missing_lines": [399, 400], "excluded_lines": []}, "update_configuration": {"executed_lines": [406, 407, 408, 409, 410, 412, 415, 416, 417, 418, 420, 421, 429, 430, 431, 436, 438, 439, 440, 441, 442, 449, 454, 456, 457, 461], "summary": {"covered_lines": 26, "num_statements": 32, "percent_covered": 81.25, "percent_covered_display": "81", "missing_lines": 6, "excluded_lines": 0}, "missing_lines": [413, 419, 432, 443, 463, 464], "excluded_lines": []}, "run_tests": {"executed_lines": [470, 471, 472, 473, 474, 476, 479, 494, 495, 498, 499, 500, 503, 504, 505, 507, 508, 537, 538, 539, 540, 541, 542, 549, 556], "summary": {"covered_lines": 25, "num_statements": 45, "percent_covered": 55.55555555555556, "percent_covered_display": "56", "missing_lines": 20, "excluded_lines": 0}, "missing_lines": [509, 510, 511, 513, 516, 517, 518, 519, 520, 522, 528, 530, 531, 532, 533, 534, 545, 546, 571, 572], "excluded_lines": []}, "export_validation_pdf": {"executed_lines": [], "summary": {"covered_lines": 0, "num_statements": 48, "percent_covered": 0.0, "percent_covered_display": "0", "missing_lines": 48, "excluded_lines": 0}, "missing_lines": [578, 579, 581, 582, 583, 584, 585, 594, 595, 596, 599, 607, 616, 619, 620, 623, 624, 625, 627, 634, 635, 649, 650, 651, 654, 655, 661, 664, 673, 676, 691, 692, 695, 696, 703, 714, 715, 717, 720, 721, 729, 732, 733, 734, 737, 739, 747, 748], "excluded_lines": []}, "health": {"executed_lines": [754], "summary": {"covered_lines": 1, "num_statements": 1, "percent_covered": 100.0, "percent_covered_display": "100", "missing_lines": 0, "excluded_lines": 0}, "missing_lines": [], "excluded_lines": []}, "get_report_templates": {"executed_lines": [759, 760, 762, 763, 764, 765, 766, 769, 770, 771, 772, 773, 776, 777, 778, 779, 780, 781, 783, 794], "summary": {"covered_lines": 20, "num_statements": 22, "percent_covered": 90.9090909090909, "percent_covered_display": "91", "missing_lines": 2, "excluded_lines": 0}, "missing_lines": [791, 792], "excluded_lines": []}, "generate_report_content": {"executed_lines": [799, 800, 802, 803, 805, 807, 808, 811, 812, 813, 816, 827, 828, 831, 833, 839, 840, 841], "summary": {"covered_lines": 18, "num_statements": 18, "percent_covered": 100.0, "percent_covered_display": "100", "missing_lines": 0, "excluded_lines": 0}, "missing_lines": [], "excluded_lines": []}, "process_auto_content": {"executed_lines": [848, 850, 868], "summary": {"covered_lines": 3, "num_statements": 3, "percent_covered": 100.0, "percent_covered_display": "100", "missing_lines": 0, "excluded_lines": 0}, "missing_lines": [], "excluded_lines": []}, "process_auto_content.replace_auto_content": {"executed_lines": [851, 853, 854, 855, 856, 857, 858, 859, 860, 861, 862, 863, 864, 866], "summary": {"covered_lines": 14, "num_statements": 14, "percent_covered": 100.0, "percent_covered_display": "100", "missing_lines": 0, "excluded_lines": 0}, "missing_lines": [], "excluded_lines": []}, "generate_user_needs_table": {"executed_lines": [873, 875, 876, 878, 879, 882, 883, 885, 886, 887, 889, 891, 901], "summary": {"covered_lines": 13, "num_statements": 19, "percent_covered": 68.42105263157895, "percent_covered_display": "68", "missing_lines": 6, "excluded_lines": 0}, "missing_lines": [890, 894, 895, 897, 898, 899], "excluded_lines": []}, "generate_product_requirements_tables": {"executed_lines": [906, 908, 909, 911, 913, 914, 915, 917, 918, 921, 923, 924, 925, 926, 928, 929, 930, 931, 933, 934, 935, 936, 939, 940, 942, 944, 963], "summary": {"covered_lines": 27, "num_statements": 39, "percent_covered": 69.23076923076923, "percent_covered_display": "69", "missing_lines": 12, "excluded_lines": 0}, "missing_lines": [937, 947, 948, 950, 951, 952, 953, 954, 956, 957, 959, 961], "excluded_lines": []}, "generate_software_specifications_tables": {"executed_lines": [968, 970, 971, 973, 975, 976, 977, 979, 980, 981, 982, 984, 985, 986, 989, 992, 993, 995, 997, 999], "summary": {"covered_lines": 20, "num_statements": 21, "percent_covered": 95.23809523809524, "percent_covered_display": "95", "missing_lines": 1, "excluded_lines": 0}, "missing_lines": [990], "excluded_lines": []}, "generate_hardware_specifications_tables": {"executed_lines": [1004, 1006, 1007, 1009, 1011, 1012, 1013, 1015, 1016, 1017, 1018, 1020, 1021, 1022, 1025, 1028, 1029, 1031, 1033, 1035], "summary": {"covered_lines": 20, "num_statements": 21, "percent_covered": 95.23809523809524, "percent_covered_display": "95", "missing_lines": 1, "excluded_lines": 0}, "missing_lines": [1026], "excluded_lines": []}, "generate_traceability_matrix": {"executed_lines": [1040, 1041, 1043, 1044, 1047, 1048, 1050, 1051, 1054, 1055, 1056, 1058, 1059, 1061, 1063, 1064, 1065, 1066, 1067, 1074, 1075, 1076, 1078, 1110], "summary": {"covered_lines": 24, "num_statements": 46, "percent_covered": 52.17391304347826, "percent_covered_display": "52", "missing_lines": 22, "excluded_lines": 0}, "missing_lines": [1070, 1071, 1072, 1081, 1084, 1085, 1086, 1088, 1089, 1091, 1093, 1094, 1095, 1096, 1097, 1100, 1101, 1102, 1104, 1105, 1106, 1108], "excluded_lines": []}, "generate_performance_summary": {"executed_lines": [1115], "summary": {"covered_lines": 1, "num_statements": 1, "percent_covered": 100.0, "percent_covered_display": "100", "missing_lines": 0, "excluded_lines": 0}, "missing_lines": [], "excluded_lines": []}, "api_user_needs_to_requirements": {"executed_lines": [1121, 1122, 1124, 1127, 1128, 1129, 1131, 1134, 1135, 1137, 1139, 1140, 1141, 1142, 1143, 1156, 1164], "summary": {"covered_lines": 17, "num_statements": 20, "percent_covered": 85.0, "percent_covered_display": "85", "missing_lines": 3, "excluded_lines": 0}, "missing_lines": [1149, 1150, 1151], "excluded_lines": []}, "api_requirements_to_specifications": {"executed_lines": [1170, 1171, 1173, 1176, 1177, 1179, 1181, 1182, 1183, 1185, 1186, 1189, 1190, 1191, 1192, 1193, 1199, 1200, 1201, 1202, 1203, 1208, 1252], "summary": {"covered_lines": 23, "num_statements": 37, "percent_covered": 62.16216216216216, "percent_covered_display": "62", "missing_lines": 14, "excluded_lines": 0}, "missing_lines": [1218, 1220, 1221, 1224, 1225, 1226, 1227, 1228, 1234, 1235, 1236, 1237, 1238, 1243], "excluded_lines": []}, "api_risks_to_mitigations": {"executed_lines": [1258, 1259, 1261, 1264, 1265, 1266, 1268, 1271, 1272, 1273, 1278, 1286], "summary": {"covered_lines": 12, "num_statements": 12, "percent_covered": 100.0, "percent_covered_display": "100", "missing_lines": 0, "excluded_lines": 0}, "missing_lines": [], "excluded_lines": []}, "": {"executed_lines": [3, 5, 6, 7, 8, 10, 12, 14, 15, 18, 28, 29, 56, 78, 79, 154, 155, 174, 175, 193, 194, 312, 313, 325, 326, 339, 340, 353, 354, 376, 377, 403, 404, 467, 468, 575, 576, 751, 752, 757, 797, 844, 871, 904, 966, 1002, 1038, 1113, 1118, 1119, 1167, 1168, 1255, 1256], "summary": {"covered_lines": 53, "num_statements": 53, "percent_covered": 100.0, "percent_covered_display": "100", "missing_lines": 0, "excluded_lines": 0}, "missing_lines": [], "excluded_lines": []}}, "classes": {"": {"executed_lines": [3, 5, 6, 7, 8, 10, 12, 14, 15, 18, 21, 22, 23, 24, 25, 28, 29, 31, 33, 34, 35, 38, 40, 46, 47, 48, 56, 58, 59, 62, 66, 71, 73, 74, 75, 78, 79, 81, 83, 84, 85, 86, 87, 88, 89, 90, 91, 92, 95, 98, 99, 100, 101, 106, 107, 108, 110, 112, 113, 114, 120, 121, 122, 123, 126, 127, 128, 129, 131, 149, 150, 151, 154, 155, 157, 159, 160, 161, 163, 169, 170, 171, 174, 175, 177, 179, 180, 182, 188, 189, 190, 193, 194, 312, 313, 315, 316, 317, 318, 320, 325, 326, 328, 329, 330, 331, 332, 334, 335, 336, 339, 340, 342, 343, 344, 345, 346, 348, 349, 350, 353, 354, 356, 357, 358, 359, 360, 361, 363, 364, 366, 367, 371, 376, 377, 379, 380, 381, 382, 383, 385, 386, 389, 390, 391, 392, 393, 397, 403, 404, 406, 407, 408, 409, 410, 412, 415, 416, 417, 418, 420, 421, 429, 430, 431, 436, 438, 439, 440, 441, 442, 449, 454, 456, 457, 461, 467, 468, 470, 471, 472, 473, 474, 476, 479, 494, 495, 498, 499, 500, 503, 504, 505, 507, 508, 537, 538, 539, 540, 541, 542, 549, 556, 575, 576, 751, 752, 754, 757, 759, 760, 762, 763, 764, 765, 766, 769, 770, 771, 772, 773, 776, 777, 778, 779, 780, 781, 783, 794, 797, 799, 800, 802, 803, 805, 807, 808, 811, 812, 813, 816, 827, 828, 831, 833, 839, 840, 841, 844, 848, 850, 851, 853, 854, 855, 856, 857, 858, 859, 860, 861, 862, 863, 864, 866, 868, 871, 873, 875, 876, 878, 879, 882, 883, 885, 886, 887, 889, 891, 901, 904, 906, 908, 909, 911, 913, 914, 915, 917, 918, 921, 923, 924, 925, 926, 928, 929, 930, 931, 933, 934, 935, 936, 939, 940, 942, 944, 963, 966, 968, 970, 971, 973, 975, 976, 977, 979, 980, 981, 982, 984, 985, 986, 989, 992, 993, 995, 997, 999, 1002, 1004, 1006, 1007, 1009, 1011, 1012, 1013, 1015, 1016, 1017, 1018, 1020, 1021, 1022, 1025, 1028, 1029, 1031, 1033, 1035, 1038, 1040, 1041, 1043, 1044, 1047, 1048, 1050, 1051, 1054, 1055, 1056, 1058, 1059, 1061, 1063, 1064, 1065, 1066, 1067, 1074, 1075, 1076, 1078, 1110, 1113, 1115, 1118, 1119, 1121, 1122, 1124, 1127, 1128, 1129, 1131, 1134, 1135, 1137, 1139, 1140, 1141, 1142, 1143, 1156, 1164, 1167, 1168, 1170, 1171, 1173, 1176, 1177, 1179, 1181, 1182, 1183, 1185, 1186, 1189, 1190, 1191, 1192, 1193, 1199, 1200, 1201, 1202, 1203, 1208, 1252, 1255, 1256, 1258, 1259, 1261, 1264, 1265, 1266, 1268, 1271, 1272, 1273, 1278, 1286], "summary": {"covered_lines": 434, "num_statements": 625, "percent_covered": 69.44, "percent_covered_display": "69", "missing_lines": 191, "excluded_lines": 0}, "missing_lines": [103, 117, 196, 198, 199, 201, 202, 203, 206, 208, 211, 216, 219, 222, 225, 230, 233, 238, 239, 240, 241, 244, 249, 250, 251, 252, 253, 254, 257, 258, 259, 260, 261, 263, 264, 265, 266, 267, 269, 270, 273, 281, 284, 289, 297, 299, 301, 307, 308, 309, 321, 322, 372, 373, 399, 400, 413, 419, 432, 443, 463, 464, 509, 510, 511, 513, 516, 517, 518, 519, 520, 522, 528, 530, 531, 532, 533, 534, 545, 546, 571, 572, 578, 579, 581, 582, 583, 584, 585, 594, 595, 596, 599, 607, 616, 619, 620, 623, 624, 625, 627, 634, 635, 649, 650, 651, 654, 655, 661, 664, 673, 676, 691, 692, 695, 696, 703, 714, 715, 717, 720, 721, 729, 732, 733, 734, 737, 739, 747, 748, 791, 792, 890, 894, 895, 897, 898, 899, 937, 947, 948, 950, 951, 952, 953, 954, 956, 957, 959, 961, 990, 1026, 1070, 1071, 1072, 1081, 1084, 1085, 1086, 1088, 1089, 1091, 1093, 1094, 1095, 1096, 1097, 1100, 1101, 1102, 1104, 1105, 1106, 1108, 1149, 1150, 1151, 1218, 1220, 1221, 1224, 1225, 1226, 1227, 1228, 1234, 1235, 1236, 1237, 1238, 1243], "excluded_lines": []}}}}, "totals": {"covered_lines": 668, "num_statements": 893, "percent_covered": 74.80403135498321, "percent_covered_display": "75", "missing_lines": 225, "excluded_lines": 0}}