{"meta": {"format": 3, "version": "7.6.1", "timestamp": "2025-09-24T15:15:57.783777", "branch_coverage": false, "show_contexts": false}, "files": {"app/__init__.py": {"executed_lines": [3, 5, 7, 10, 12, 15, 18, 21, 23], "summary": {"covered_lines": 8, "num_statements": 8, "percent_covered": 100.0, "percent_covered_display": "100", "missing_lines": 0, "excluded_lines": 0}, "missing_lines": [], "excluded_lines": [], "functions": {"create_app": {"executed_lines": [12, 15, 18, 21, 23], "summary": {"covered_lines": 5, "num_statements": 5, "percent_covered": 100.0, "percent_covered_display": "100", "missing_lines": 0, "excluded_lines": 0}, "missing_lines": [], "excluded_lines": []}, "": {"executed_lines": [3, 5, 7, 10], "summary": {"covered_lines": 3, "num_statements": 3, "percent_covered": 100.0, "percent_covered_display": "100", "missing_lines": 0, "excluded_lines": 0}, "missing_lines": [], "excluded_lines": []}}, "classes": {"": {"executed_lines": [3, 5, 7, 10, 12, 15, 18, 21, 23], "summary": {"covered_lines": 8, "num_statements": 8, "percent_covered": 100.0, "percent_covered_display": "100", "missing_lines": 0, "excluded_lines": 0}, "missing_lines": [], "excluded_lines": []}}}, "app/data_utils.py": {"executed_lines": [3, 5, 6, 8, 11, 12, 14, 16, 18, 19, 21, 22, 24, 26, 27, 28, 29, 37, 39, 41, 42, 43, 44, 48, 50, 51, 53, 55, 56, 59, 61, 63, 64, 67, 74, 75, 76, 77, 78, 83, 85, 87, 88, 90, 92, 93, 95, 97, 98, 100, 102, 103, 105, 107, 110, 111, 114, 115, 116, 118, 119, 126, 127, 128, 129, 132, 133, 134, 135, 138, 139, 140, 141, 143, 145, 147, 150, 151, 152, 153, 156, 157, 158, 160, 161, 162, 163, 172, 173, 181, 182, 190, 191, 198, 200, 202, 203, 206, 207, 212, 213, 218, 219, 220, 221, 225, 227, 231, 234, 235, 236, 237, 238, 240, 242, 244, 247, 248, 249, 250, 253, 256, 272, 273, 288, 304, 318, 319, 320, 321, 323, 324, 326, 328, 330, 333, 346, 350, 353, 356, 357, 361, 362, 367, 368, 369, 370, 374, 375, 378, 383, 384, 386, 388, 391, 392, 394, 398, 399, 404, 405, 406, 410, 414, 416, 417, 422, 423, 424, 428, 429, 433, 435, 436, 438, 447, 449, 450, 456, 458, 459, 465, 470, 475, 480, 484], "summary": {"covered_lines": 184, "num_statements": 224, "percent_covered": 82.14285714285714, "percent_covered_display": "82", "missing_lines": 40, "excluded_lines": 0}, "missing_lines": [30, 31, 34, 35, 45, 46, 71, 81, 122, 123, 166, 167, 168, 169, 174, 177, 178, 183, 186, 187, 192, 195, 196, 257, 289, 305, 325, 327, 329, 331, 354, 358, 371, 372, 393, 395, 408, 431, 440, 441], "excluded_lines": [], "functions": {"DHFDataManager.__init__": {"executed_lines": [16, 18, 19, 21, 22], "summary": {"covered_lines": 5, "num_statements": 5, "percent_covered": 100.0, "percent_covered_display": "100", "missing_lines": 0, "excluded_lines": 0}, "missing_lines": [], "excluded_lines": []}, "DHFDataManager.load_data": {"executed_lines": [26, 27, 28, 29, 37], "summary": {"covered_lines": 5, "num_statements": 9, "percent_covered": 55.55555555555556, "percent_covered_display": "56", "missing_lines": 4, "excluded_lines": 0}, "missing_lines": [30, 31, 34, 35], "excluded_lines": []}, "DHFDataManager.save_data": {"executed_lines": [41, 42, 43, 44], "summary": {"covered_lines": 4, "num_statements": 6, "percent_covered": 66.66666666666667, "percent_covered_display": "67", "missing_lines": 2, "excluded_lines": 0}, "missing_lines": [45, 46], "excluded_lines": []}, "DHFDataManager.get_user_needs": {"executed_lines": [50, 51], "summary": {"covered_lines": 2, "num_statements": 2, "percent_covered": 100.0, "percent_covered_display": "100", "missing_lines": 0, "excluded_lines": 0}, "missing_lines": [], "excluded_lines": []}, "DHFDataManager.get_risks": {"executed_lines": [55, 56, 59], "summary": {"covered_lines": 3, "num_statements": 3, "percent_covered": 100.0, "percent_covered_display": "100", "missing_lines": 0, "excluded_lines": 0}, "missing_lines": [], "excluded_lines": []}, "DHFDataManager.get_risks_flat": {"executed_lines": [63, 64, 67, 74, 75, 76, 77, 78, 83], "summary": {"covered_lines": 9, "num_statements": 11, "percent_covered": 81.81818181818181, "percent_covered_display": "82", "missing_lines": 2, "excluded_lines": 0}, "missing_lines": [71, 81], "excluded_lines": []}, "DHFDataManager.get_product_requirements": {"executed_lines": [87, 88], "summary": {"covered_lines": 2, "num_statements": 2, "percent_covered": 100.0, "percent_covered_display": "100", "missing_lines": 0, "excluded_lines": 0}, "missing_lines": [], "excluded_lines": []}, "DHFDataManager.get_software_specifications": {"executed_lines": [92, 93], "summary": {"covered_lines": 2, "num_statements": 2, "percent_covered": 100.0, "percent_covered_display": "100", "missing_lines": 0, "excluded_lines": 0}, "missing_lines": [], "excluded_lines": []}, "DHFDataManager.get_hardware_specifications": {"executed_lines": [97, 98], "summary": {"covered_lines": 2, "num_statements": 2, "percent_covered": 100.0, "percent_covered_display": "100", "missing_lines": 0, "excluded_lines": 0}, "missing_lines": [], "excluded_lines": []}, "DHFDataManager.get_mitigation_links": {"executed_lines": [102, 103], "summary": {"covered_lines": 2, "num_statements": 2, "percent_covered": 100.0, "percent_covered_display": "100", "missing_lines": 0, "excluded_lines": 0}, "missing_lines": [], "excluded_lines": []}, "DHFDataManager.get_item_by_id": {"executed_lines": [107, 110, 111, 114, 115, 116, 118, 119, 126, 127, 128, 129, 132, 133, 134, 135, 138, 139, 140, 141, 143], "summary": {"covered_lines": 21, "num_statements": 23, "percent_covered": 91.30434782608695, "percent_covered_display": "91", "missing_lines": 2, "excluded_lines": 0}, "missing_lines": [122, 123], "excluded_lines": []}, "DHFDataManager.update_item": {"executed_lines": [147, 150, 151, 152, 153, 156, 157, 158, 160, 161, 162, 163, 172, 173, 181, 182, 190, 191, 198], "summary": {"covered_lines": 19, "num_statements": 32, "percent_covered": 59.375, "percent_covered_display": "59", "missing_lines": 13, "excluded_lines": 0}, "missing_lines": [166, 167, 168, 169, 174, 177, 178, 183, 186, 187, 192, 195, 196], "excluded_lines": []}, "DHFDataManager.get_linkable_items": {"executed_lines": [202, 203, 206, 207, 212, 213, 218, 219, 220, 221, 225], "summary": {"covered_lines": 11, "num_statements": 11, "percent_covered": 100.0, "percent_covered_display": "100", "missing_lines": 0, "excluded_lines": 0}, "missing_lines": [], "excluded_lines": []}, "DHFDataManager.update_folder_name": {"executed_lines": [231, 234, 235, 236, 237, 238, 240], "summary": {"covered_lines": 7, "num_statements": 7, "percent_covered": 100.0, "percent_covered_display": "100", "missing_lines": 0, "excluded_lines": 0}, "missing_lines": [], "excluded_lines": []}, "DHFDataManager.get_configuration": {"executed_lines": [244, 247, 248, 249, 250, 253, 256, 272, 273, 288, 304, 318, 319, 320, 321, 323, 324, 326, 328, 330, 333], "summary": {"covered_lines": 21, "num_statements": 28, "percent_covered": 75.0, "percent_covered_display": "75", "missing_lines": 7, "excluded_lines": 0}, "missing_lines": [257, 289, 305, 325, 327, 329, 331], "excluded_lines": []}, "DHFDataManager.add_config_option": {"executed_lines": [350, 353, 356, 357, 361, 362, 367, 368, 369, 370, 374, 375, 378, 383, 384], "summary": {"covered_lines": 15, "num_statements": 19, "percent_covered": 78.94736842105263, "percent_covered_display": "79", "missing_lines": 4, "excluded_lines": 0}, "missing_lines": [354, 358, 371, 372], "excluded_lines": []}, "DHFDataManager.remove_config_option": {"executed_lines": [388, 391, 392, 394, 398, 399, 404, 405, 406], "summary": {"covered_lines": 9, "num_statements": 12, "percent_covered": 75.0, "percent_covered_display": "75", "missing_lines": 3, "excluded_lines": 0}, "missing_lines": [393, 395, 408], "excluded_lines": []}, "DHFDataManager.update_config_option": {"executed_lines": [414, 416, 417, 422, 423, 424, 428, 429], "summary": {"covered_lines": 8, "num_statements": 9, "percent_covered": 88.88888888888889, "percent_covered_display": "89", "missing_lines": 1, "excluded_lines": 0}, "missing_lines": [431], "excluded_lines": []}, "DHFDataManager.get_severity_name": {"executed_lines": [435, 436], "summary": {"covered_lines": 2, "num_statements": 2, "percent_covered": 100.0, "percent_covered_display": "100", "missing_lines": 0, "excluded_lines": 0}, "missing_lines": [], "excluded_lines": []}, "DHFDataManager.get_probability_name": {"executed_lines": [], "summary": {"covered_lines": 0, "num_statements": 2, "percent_covered": 0.0, "percent_covered_display": "0", "missing_lines": 2, "excluded_lines": 0}, "missing_lines": [440, 441], "excluded_lines": []}, "DHFDataManager.get_probability_occurrence_name": {"executed_lines": [449, 450], "summary": {"covered_lines": 2, "num_statements": 2, "percent_covered": 100.0, "percent_covered_display": "100", "missing_lines": 0, "excluded_lines": 0}, "missing_lines": [], "excluded_lines": []}, "DHFDataManager.get_probability_harm_name": {"executed_lines": [458, 459], "summary": {"covered_lines": 2, "num_statements": 2, "percent_covered": 100.0, "percent_covered_display": "100", "missing_lines": 0, "excluded_lines": 0}, "missing_lines": [], "excluded_lines": []}, "DHFDataManager.calculate_rbm_score": {"executed_lines": [470, 475, 480, 484], "summary": {"covered_lines": 4, "num_statements": 4, "percent_covered": 100.0, "percent_covered_display": "100", "missing_lines": 0, "excluded_lines": 0}, "missing_lines": [], "excluded_lines": []}, "": {"executed_lines": [3, 5, 6, 8, 11, 12, 14, 24, 39, 48, 53, 61, 85, 90, 95, 100, 105, 145, 200, 227, 242, 346, 386, 410, 433, 438, 447, 456, 465], "summary": {"covered_lines": 27, "num_statements": 27, "percent_covered": 100.0, "percent_covered_display": "100", "missing_lines": 0, "excluded_lines": 0}, "missing_lines": [], "excluded_lines": []}}, "classes": {"DHFDataManager": {"executed_lines": [16, 18, 19, 21, 22, 26, 27, 28, 29, 37, 41, 42, 43, 44, 50, 51, 55, 56, 59, 63, 64, 67, 74, 75, 76, 77, 78, 83, 87, 88, 92, 93, 97, 98, 102, 103, 107, 110, 111, 114, 115, 116, 118, 119, 126, 127, 128, 129, 132, 133, 134, 135, 138, 139, 140, 141, 143, 147, 150, 151, 152, 153, 156, 157, 158, 160, 161, 162, 163, 172, 173, 181, 182, 190, 191, 198, 202, 203, 206, 207, 212, 213, 218, 219, 220, 221, 225, 231, 234, 235, 236, 237, 238, 240, 244, 247, 248, 249, 250, 253, 256, 272, 273, 288, 304, 318, 319, 320, 321, 323, 324, 326, 328, 330, 333, 350, 353, 356, 357, 361, 362, 367, 368, 369, 370, 374, 375, 378, 383, 384, 388, 391, 392, 394, 398, 399, 404, 405, 406, 414, 416, 417, 422, 423, 424, 428, 429, 435, 436, 449, 450, 458, 459, 470, 475, 480, 484], "summary": {"covered_lines": 157, "num_statements": 197, "percent_covered": 79.69543147208122, "percent_covered_display": "80", "missing_lines": 40, "excluded_lines": 0}, "missing_lines": [30, 31, 34, 35, 45, 46, 71, 81, 122, 123, 166, 167, 168, 169, 174, 177, 178, 183, 186, 187, 192, 195, 196, 257, 289, 305, 325, 327, 329, 331, 354, 358, 371, 372, 393, 395, 408, 431, 440, 441], "excluded_lines": []}, "": {"executed_lines": [3, 5, 6, 8, 11, 12, 14, 24, 39, 48, 53, 61, 85, 90, 95, 100, 105, 145, 200, 227, 242, 346, 386, 410, 433, 438, 447, 456, 465], "summary": {"covered_lines": 27, "num_statements": 27, "percent_covered": 100.0, "percent_covered_display": "100", "missing_lines": 0, "excluded_lines": 0}, "missing_lines": [], "excluded_lines": []}}}, "app/routes.py": {"executed_lines": [3, 5, 6, 7, 8, 10, 12, 14, 15, 18, 19, 21, 23, 24, 27, 29, 35, 36, 37, 45, 47, 48, 51, 55, 60, 62, 63, 64, 67, 68, 70, 72, 73, 74, 75, 76, 77, 78, 79, 80, 83, 86, 87, 88, 89, 94, 95, 96, 97, 100, 101, 102, 103, 106, 107, 108, 109, 111, 129, 130, 131, 134, 135, 137, 139, 140, 142, 148, 149, 150, 153, 154, 156, 158, 159, 161, 167, 168, 169, 172, 173, 264, 265, 267, 268, 269, 270, 272, 277, 278, 280, 281, 282, 283, 285, 290, 291, 293, 294, 295, 296, 298, 303, 304, 306, 307, 308, 309, 310, 312, 313, 315, 320, 325, 326, 328, 329, 330, 331, 333, 334, 337, 338, 339, 340, 341, 351, 352, 354, 355, 356, 357, 359, 362, 363, 364, 365, 367, 368, 376, 377, 378, 383, 385, 386, 387, 388, 389, 396, 401, 403, 404, 414, 415, 513, 514, 658, 659, 661, 664, 666, 667, 669, 670, 671, 672, 673, 676, 677, 678, 679, 680, 683, 684, 685, 686, 687, 688, 690, 701, 704, 706, 707, 709, 710, 712, 714, 715, 718, 719, 722, 733, 734, 737, 739, 750, 754, 756, 757, 759, 760, 761, 762, 763, 764, 765, 766, 767, 768, 769, 770, 772, 774, 777, 779, 781, 782, 784, 785, 787, 788, 789, 791, 792, 793, 795, 798, 800, 802, 803, 805, 807, 808, 809, 811, 812, 813, 814, 816, 817, 818, 821, 822, 824, 825, 827, 829, 831, 834, 836, 838, 839, 841, 843, 844, 845, 847, 848, 849, 850, 852, 853, 854, 857, 858, 860, 861, 863, 865, 867, 870, 872, 874, 875, 877, 879, 880, 881, 883, 884, 885, 886, 888, 889, 890, 893, 894, 896, 897, 899, 901, 903, 906, 908, 909, 911, 912, 914, 915, 918, 919, 920, 922, 923, 924, 925, 927, 928, 929, 931, 933, 936, 938], "summary": {"covered_lines": 312, "num_statements": 477, "percent_covered": 65.40880503144655, "percent_covered_display": "65", "missing_lines": 165, "excluded_lines": 0}, "missing_lines": [91, 175, 177, 178, 180, 181, 182, 185, 187, 190, 193, 194, 195, 196, 199, 200, 203, 204, 205, 206, 209, 212, 213, 214, 215, 216, 217, 220, 221, 222, 223, 224, 226, 227, 228, 229, 230, 232, 233, 236, 240, 241, 244, 249, 251, 253, 259, 260, 261, 273, 274, 286, 287, 299, 300, 316, 321, 322, 345, 347, 348, 360, 366, 379, 390, 408, 410, 411, 417, 418, 419, 420, 421, 423, 426, 433, 434, 437, 438, 439, 442, 443, 444, 446, 447, 448, 449, 450, 452, 455, 456, 457, 458, 459, 461, 467, 469, 470, 471, 472, 473, 476, 477, 478, 479, 480, 481, 482, 483, 486, 493, 506, 507, 516, 517, 518, 519, 520, 521, 522, 525, 526, 527, 530, 538, 547, 550, 551, 554, 555, 557, 564, 565, 575, 576, 577, 580, 581, 582, 585, 594, 595, 606, 607, 610, 611, 613, 624, 625, 627, 630, 631, 634, 637, 638, 639, 642, 643, 651, 652, 698, 699, 745, 746, 747], "excluded_lines": [], "functions": {"index": {"executed_lines": [21, 23, 24, 27, 29, 35, 36, 37], "summary": {"covered_lines": 8, "num_statements": 8, "percent_covered": 100.0, "percent_covered_display": "100", "missing_lines": 0, "excluded_lines": 0}, "missing_lines": [], "excluded_lines": []}, "get_git_user_info": {"executed_lines": [47, 48, 51, 55, 60, 62, 63, 64], "summary": {"covered_lines": 8, "num_statements": 8, "percent_covered": 100.0, "percent_covered_display": "100", "missing_lines": 0, "excluded_lines": 0}, "missing_lines": [], "excluded_lines": []}, "browse": {"executed_lines": [70, 72, 73, 74, 75, 76, 77, 78, 79, 80, 83, 86, 87, 88, 89, 94, 95, 96, 97, 100, 101, 102, 103, 106, 107, 108, 109, 111, 129, 130, 131], "summary": {"covered_lines": 31, "num_statements": 32, "percent_covered": 96.875, "percent_covered_display": "97", "missing_lines": 1, "excluded_lines": 0}, "missing_lines": [91], "excluded_lines": []}, "configuration": {"executed_lines": [137, 139, 140, 142, 148, 149, 150], "summary": {"covered_lines": 7, "num_statements": 7, "percent_covered": 100.0, "percent_covered_display": "100", "missing_lines": 0, "excluded_lines": 0}, "missing_lines": [], "excluded_lines": []}, "reports": {"executed_lines": [156, 158, 159, 161, 167, 168, 169], "summary": {"covered_lines": 7, "num_statements": 7, "percent_covered": 100.0, "percent_covered_display": "100", "missing_lines": 0, "excluded_lines": 0}, "missing_lines": [], "excluded_lines": []}, "validation": {"executed_lines": [], "summary": {"covered_lines": 0, "num_statements": 26, "percent_covered": 0.0, "percent_covered_display": "0", "missing_lines": 26, "excluded_lines": 0}, "missing_lines": [175, 177, 178, 180, 181, 182, 185, 187, 190, 193, 194, 195, 196, 199, 200, 203, 236, 240, 241, 244, 249, 251, 253, 259, 260, 261], "excluded_lines": []}, "validation.convert_table": {"executed_lines": [], "summary": {"covered_lines": 0, "num_statements": 22, "percent_covered": 0.0, "percent_covered_display": "0", "missing_lines": 22, "excluded_lines": 0}, "missing_lines": [204, 205, 206, 209, 212, 213, 214, 215, 216, 217, 220, 221, 222, 223, 224, 226, 227, 228, 229, 230, 232, 233], "excluded_lines": []}, "generate_report": {"executed_lines": [267, 268, 269, 270, 272], "summary": {"covered_lines": 5, "num_statements": 7, "percent_covered": 71.42857142857143, "percent_covered_display": "71", "missing_lines": 2, "excluded_lines": 0}, "missing_lines": [273, 274], "excluded_lines": []}, "get_item": {"executed_lines": [280, 281, 282, 283, 285], "summary": {"covered_lines": 5, "num_statements": 7, "percent_covered": 71.42857142857143, "percent_covered_display": "71", "missing_lines": 2, "excluded_lines": 0}, "missing_lines": [286, 287], "excluded_lines": []}, "update_item": {"executed_lines": [293, 294, 295, 296, 298], "summary": {"covered_lines": 5, "num_statements": 7, "percent_covered": 71.42857142857143, "percent_covered_display": "71", "missing_lines": 2, "excluded_lines": 0}, "missing_lines": [299, 300], "excluded_lines": []}, "update_folder_name": {"executed_lines": [306, 307, 308, 309, 310, 312, 313, 315, 320], "summary": {"covered_lines": 9, "num_statements": 12, "percent_covered": 75.0, "percent_covered_display": "75", "missing_lines": 3, "excluded_lines": 0}, "missing_lines": [316, 321, 322], "excluded_lines": []}, "update_mitigation_link": {"executed_lines": [328, 329, 330, 331, 333, 334, 337, 338, 339, 340, 341], "summary": {"covered_lines": 11, "num_statements": 14, "percent_covered": 78.57142857142857, "percent_covered_display": "79", "missing_lines": 3, "excluded_lines": 0}, "missing_lines": [345, 347, 348], "excluded_lines": []}, "update_configuration": {"executed_lines": [354, 355, 356, 357, 359, 362, 363, 364, 365, 367, 368, 376, 377, 378, 383, 385, 386, 387, 388, 389, 396, 401, 403, 404], "summary": {"covered_lines": 24, "num_statements": 31, "percent_covered": 77.41935483870968, "percent_covered_display": "77", "missing_lines": 7, "excluded_lines": 0}, "missing_lines": [360, 366, 379, 390, 408, 410, 411], "excluded_lines": []}, "run_tests": {"executed_lines": [], "summary": {"covered_lines": 0, "num_statements": 45, "percent_covered": 0.0, "percent_covered_display": "0", "missing_lines": 45, "excluded_lines": 0}, "missing_lines": [417, 418, 419, 420, 421, 423, 426, 433, 434, 437, 438, 439, 442, 443, 444, 446, 447, 448, 449, 450, 452, 455, 456, 457, 458, 459, 461, 467, 469, 470, 471, 472, 473, 476, 477, 478, 479, 480, 481, 482, 483, 486, 493, 506, 507], "excluded_lines": []}, "export_validation_pdf": {"executed_lines": [], "summary": {"covered_lines": 0, "num_statements": 47, "percent_covered": 0.0, "percent_covered_display": "0", "missing_lines": 47, "excluded_lines": 0}, "missing_lines": [516, 517, 518, 519, 520, 521, 522, 525, 526, 527, 530, 538, 547, 550, 551, 554, 555, 557, 564, 565, 575, 576, 577, 580, 581, 582, 585, 594, 595, 606, 607, 610, 611, 613, 624, 625, 627, 630, 631, 634, 637, 638, 639, 642, 643, 651, 652], "excluded_lines": []}, "health": {"executed_lines": [661], "summary": {"covered_lines": 1, "num_statements": 1, "percent_covered": 100.0, "percent_covered_display": "100", "missing_lines": 0, "excluded_lines": 0}, "missing_lines": [], "excluded_lines": []}, "get_report_templates": {"executed_lines": [666, 667, 669, 670, 671, 672, 673, 676, 677, 678, 679, 680, 683, 684, 685, 686, 687, 688, 690, 701], "summary": {"covered_lines": 20, "num_statements": 22, "percent_covered": 90.9090909090909, "percent_covered_display": "91", "missing_lines": 2, "excluded_lines": 0}, "missing_lines": [698, 699], "excluded_lines": []}, "generate_report_content": {"executed_lines": [706, 707, 709, 710, 712, 714, 715, 718, 719, 722, 733, 734, 737, 739], "summary": {"covered_lines": 14, "num_statements": 17, "percent_covered": 82.3529411764706, "percent_covered_display": "82", "missing_lines": 3, "excluded_lines": 0}, "missing_lines": [745, 746, 747], "excluded_lines": []}, "process_auto_content": {"executed_lines": [754, 756, 774], "summary": {"covered_lines": 3, "num_statements": 3, "percent_covered": 100.0, "percent_covered_display": "100", "missing_lines": 0, "excluded_lines": 0}, "missing_lines": [], "excluded_lines": []}, "process_auto_content.replace_auto_content": {"executed_lines": [757, 759, 760, 761, 762, 763, 764, 765, 766, 767, 768, 769, 770, 772], "summary": {"covered_lines": 14, "num_statements": 14, "percent_covered": 100.0, "percent_covered_display": "100", "missing_lines": 0, "excluded_lines": 0}, "missing_lines": [], "excluded_lines": []}, "generate_user_needs_table": {"executed_lines": [779, 781, 782, 784, 785, 787, 788, 789, 791, 792, 793, 795], "summary": {"covered_lines": 12, "num_statements": 12, "percent_covered": 100.0, "percent_covered_display": "100", "missing_lines": 0, "excluded_lines": 0}, "missing_lines": [], "excluded_lines": []}, "generate_product_requirements_tables": {"executed_lines": [800, 802, 803, 805, 807, 808, 809, 811, 812, 813, 814, 816, 817, 818, 821, 822, 824, 825, 827, 829, 831], "summary": {"covered_lines": 21, "num_statements": 21, "percent_covered": 100.0, "percent_covered_display": "100", "missing_lines": 0, "excluded_lines": 0}, "missing_lines": [], "excluded_lines": []}, "generate_software_specifications_tables": {"executed_lines": [836, 838, 839, 841, 843, 844, 845, 847, 848, 849, 850, 852, 853, 854, 857, 858, 860, 861, 863, 865, 867], "summary": {"covered_lines": 21, "num_statements": 21, "percent_covered": 100.0, "percent_covered_display": "100", "missing_lines": 0, "excluded_lines": 0}, "missing_lines": [], "excluded_lines": []}, "generate_hardware_specifications_tables": {"executed_lines": [872, 874, 875, 877, 879, 880, 881, 883, 884, 885, 886, 888, 889, 890, 893, 894, 896, 897, 899, 901, 903], "summary": {"covered_lines": 21, "num_statements": 21, "percent_covered": 100.0, "percent_covered_display": "100", "missing_lines": 0, "excluded_lines": 0}, "missing_lines": [], "excluded_lines": []}, "generate_traceability_matrix": {"executed_lines": [908, 909, 911, 912, 914, 915, 918, 919, 920, 922, 923, 924, 925, 927, 928, 929, 931, 933], "summary": {"covered_lines": 18, "num_statements": 18, "percent_covered": 100.0, "percent_covered_display": "100", "missing_lines": 0, "excluded_lines": 0}, "missing_lines": [], "excluded_lines": []}, "generate_performance_summary": {"executed_lines": [938], "summary": {"covered_lines": 1, "num_statements": 1, "percent_covered": 100.0, "percent_covered_display": "100", "missing_lines": 0, "excluded_lines": 0}, "missing_lines": [], "excluded_lines": []}, "": {"executed_lines": [3, 5, 6, 7, 8, 10, 12, 14, 15, 18, 19, 45, 67, 68, 134, 135, 153, 154, 172, 173, 264, 265, 277, 278, 290, 291, 303, 304, 325, 326, 351, 352, 414, 415, 513, 514, 658, 659, 664, 704, 750, 777, 798, 834, 870, 906, 936], "summary": {"covered_lines": 46, "num_statements": 46, "percent_covered": 100.0, "percent_covered_display": "100", "missing_lines": 0, "excluded_lines": 0}, "missing_lines": [], "excluded_lines": []}}, "classes": {"": {"executed_lines": [3, 5, 6, 7, 8, 10, 12, 14, 15, 18, 19, 21, 23, 24, 27, 29, 35, 36, 37, 45, 47, 48, 51, 55, 60, 62, 63, 64, 67, 68, 70, 72, 73, 74, 75, 76, 77, 78, 79, 80, 83, 86, 87, 88, 89, 94, 95, 96, 97, 100, 101, 102, 103, 106, 107, 108, 109, 111, 129, 130, 131, 134, 135, 137, 139, 140, 142, 148, 149, 150, 153, 154, 156, 158, 159, 161, 167, 168, 169, 172, 173, 264, 265, 267, 268, 269, 270, 272, 277, 278, 280, 281, 282, 283, 285, 290, 291, 293, 294, 295, 296, 298, 303, 304, 306, 307, 308, 309, 310, 312, 313, 315, 320, 325, 326, 328, 329, 330, 331, 333, 334, 337, 338, 339, 340, 341, 351, 352, 354, 355, 356, 357, 359, 362, 363, 364, 365, 367, 368, 376, 377, 378, 383, 385, 386, 387, 388, 389, 396, 401, 403, 404, 414, 415, 513, 514, 658, 659, 661, 664, 666, 667, 669, 670, 671, 672, 673, 676, 677, 678, 679, 680, 683, 684, 685, 686, 687, 688, 690, 701, 704, 706, 707, 709, 710, 712, 714, 715, 718, 719, 722, 733, 734, 737, 739, 750, 754, 756, 757, 759, 760, 761, 762, 763, 764, 765, 766, 767, 768, 769, 770, 772, 774, 777, 779, 781, 782, 784, 785, 787, 788, 789, 791, 792, 793, 795, 798, 800, 802, 803, 805, 807, 808, 809, 811, 812, 813, 814, 816, 817, 818, 821, 822, 824, 825, 827, 829, 831, 834, 836, 838, 839, 841, 843, 844, 845, 847, 848, 849, 850, 852, 853, 854, 857, 858, 860, 861, 863, 865, 867, 870, 872, 874, 875, 877, 879, 880, 881, 883, 884, 885, 886, 888, 889, 890, 893, 894, 896, 897, 899, 901, 903, 906, 908, 909, 911, 912, 914, 915, 918, 919, 920, 922, 923, 924, 925, 927, 928, 929, 931, 933, 936, 938], "summary": {"covered_lines": 312, "num_statements": 477, "percent_covered": 65.40880503144655, "percent_covered_display": "65", "missing_lines": 165, "excluded_lines": 0}, "missing_lines": [91, 175, 177, 178, 180, 181, 182, 185, 187, 190, 193, 194, 195, 196, 199, 200, 203, 204, 205, 206, 209, 212, 213, 214, 215, 216, 217, 220, 221, 222, 223, 224, 226, 227, 228, 229, 230, 232, 233, 236, 240, 241, 244, 249, 251, 253, 259, 260, 261, 273, 274, 286, 287, 299, 300, 316, 321, 322, 345, 347, 348, 360, 366, 379, 390, 408, 410, 411, 417, 418, 419, 420, 421, 423, 426, 433, 434, 437, 438, 439, 442, 443, 444, 446, 447, 448, 449, 450, 452, 455, 456, 457, 458, 459, 461, 467, 469, 470, 471, 472, 473, 476, 477, 478, 479, 480, 481, 482, 483, 486, 493, 506, 507, 516, 517, 518, 519, 520, 521, 522, 525, 526, 527, 530, 538, 547, 550, 551, 554, 555, 557, 564, 565, 575, 576, 577, 580, 581, 582, 585, 594, 595, 606, 607, 610, 611, 613, 624, 625, 627, 630, 631, 634, 637, 638, 639, 642, 643, 651, 652, 698, 699, 745, 746, 747], "excluded_lines": []}}}}, "totals": {"covered_lines": 504, "num_statements": 709, "percent_covered": 71.08603667136812, "percent_covered_display": "71", "missing_lines": 205, "excluded_lines": 0}}
